Drill report for R:/Wohnwagen-Board/WW-Board-Master V2/Platine/WW-Board-Master V2.kicad_pcb
Created on 14.01.2020 22:43:06

Copper Layer Stackup:
    =============================================================
    L1 :  F.Cu                      front
    L2 :  B.Cu                      back


Drill file 'WW-Board-Master V2-PTH.drl' contains
    plated through holes:
    =============================================================
    T1  0,50mm  0,020"  (16 holes)
    T2  0,60mm  0,024"  (96 holes)
    T3  1,20mm  0,047"  (60 holes)
    T4  1,60mm  0,063"  (24 holes)
    T5  3,50mm  0,138"  (2 holes)
    T6  4,30mm  0,169"  (12 holes)

    Total plated holes count 210


Drill file 'WW-Board-Master V2-NPTH.drl' contains
    unplated through holes:
    =============================================================

    Total unplated holes count 0
